<?xml version="1.0" ?>
<coverage branch-rate="0" branches-covered="0" branches-valid="0" complexity="0" line-rate="0.5714" lines-covered="4" lines-valid="7" timestamp="1610219810794" version="5.3.1">
	<!-- Generated by coverage.py: https://coverage.readthedocs.io -->
	<!-- Based on https://raw.githubusercontent.com/cobertura/web/master/htdocs/xml/coverage-04.dtd -->
	<sources>
		<source></source>
	</sources>
	<packages>
		<package branch-rate="0" complexity="0" line-rate="0.5714" name=".code.kafka_cli_tool.kafka_cli">
			<classes>
				<class branch-rate="0" complexity="0" filename="/code/kafka_cli_tool/kafka_cli/__init__.py" line-rate="1" name="__init__.py">
					<methods/>
					<lines>
						<line hits="1" number="1"/>
					</lines>
				</class>
				<class branch-rate="0" complexity="0" filename="/code/kafka_cli_tool/kafka_cli/__main__.py" line-rate="0" name="__main__.py">
					<methods/>
					<lines>
						<line hits="0" number="1"/>
						<line hits="0" number="3"/>
						<line hits="0" number="4"/>
					</lines>
				</class>
				<class branch-rate="0" complexity="0" filename="/code/kafka_cli_tool/kafka_cli/app.py" line-rate="1" name="app.py">
					<methods/>
					<lines>
						<line hits="1" number="1"/>
						<line hits="1" number="2"/>
						<line hits="1" number="4"/>
					</lines>
				</class>
			</classes>
		</package>
	</packages>
</coverage>
